<?xml version="1.0" encoding="UTF-8"?>
<!-- Generated by org.testng.reporters.JUnitXMLReporter -->
<testsuite hostname="Tanus-MacBook-Pro.local" ignored="0" name="Verify Home" tests="3" failures="1" timestamp="02 Aug 2018 07:04:08 GMT" time="49.602" errors="0">
  <testcase name="verifyLoginTest" time="19.158" classname="testcases.VerifyHomePage"/>
  <testcase name="verifyForgotPasswordTest" time="2.368" classname="testcases.VerifyHomePage"/>
  <testcase name="verifySuccessfulLogin" time="0.33" classname="testcases.VerifyHomePage">
    <failure type="org.openqa.selenium.ElementNotInteractableException" message="Element &amp;lt;input class=&amp;quot;auth0-lock-input&amp;quot; name=&amp;quot;email&amp;quot; type=&amp;quot;email&amp;quot;&amp;gt; is not reachable by keyboard
Build info: version: &amp;apos;3.13.0&amp;apos;, revision: &amp;apos;2f0d292&amp;apos;, time: &amp;apos;2018-06-25T15:24:21.231Z&amp;apos;
System info: host: &amp;apos;Tanus-MacBook-Pro.local&amp;apos;, ip: &amp;apos;fe80:0:0:0:ce1:c81b:2075:a1f6%en0&amp;apos;, os.name: &amp;apos;Mac OS X&amp;apos;, os.arch: &amp;apos;x86_64&amp;apos;, os.version: &amp;apos;10.13.5&amp;apos;, java.version: &amp;apos;1.8.0_151&amp;apos;
Driver info: org.openqa.selenium.firefox.FirefoxDriver
Capabilities {acceptInsecureCerts: true, browserName: firefox, browserVersion: 61.0.1, javascriptEnabled: true, moz:accessibilityChecks: false, moz:headless: false, moz:processID: 23048, moz:profile: /var/folders/d2/6m6mnjpx7w7..., moz:useNonSpecCompliantPointerOrigin: false, moz:webdriverClick: true, pageLoadStrategy: normal, platform: MAC, platformName: MAC, platformVersion: 17.6.0, rotatable: false, timeouts: {implicit: 0, pageLoad: 300000, script: 30000}}
Session ID: 6867b952-93cd-c341-9e8f-1ba6912417f6">
      <![CDATA[org.openqa.selenium.ElementNotInteractableException: Element <input class="auth0-lock-input" name="email" type="email"> is not reachable by keyboard
Build info: version: '3.13.0', revision: '2f0d292', time: '2018-06-25T15:24:21.231Z'
System info: host: 'Tanus-MacBook-Pro.local', ip: 'fe80:0:0:0:ce1:c81b:2075:a1f6%en0', os.name: 'Mac OS X', os.arch: 'x86_64', os.version: '10.13.5', java.version: '1.8.0_151'
Driver info: org.openqa.selenium.firefox.FirefoxDriver
Capabilities {acceptInsecureCerts: true, browserName: firefox, browserVersion: 61.0.1, javascriptEnabled: true, moz:accessibilityChecks: false, moz:headless: false, moz:processID: 23048, moz:profile: /var/folders/d2/6m6mnjpx7w7..., moz:useNonSpecCompliantPointerOrigin: false, moz:webdriverClick: true, pageLoadStrategy: normal, platform: MAC, platformName: MAC, platformVersion: 17.6.0, rotatable: false, timeouts: {implicit: 0, pageLoad: 300000, script: 30000}}
Session ID: 6867b952-93cd-c341-9e8f-1ba6912417f6
at org.openqa.selenium.remote.http.W3CHttpResponseCodec.createException(W3CHttpResponseCodec.java:187)
at org.openqa.selenium.remote.http.W3CHttpResponseCodec.decode(W3CHttpResponseCodec.java:122)
at org.openqa.selenium.remote.http.W3CHttpResponseCodec.decode(W3CHttpResponseCodec.java:49)
at org.openqa.selenium.remote.HttpCommandExecutor.execute(HttpCommandExecutor.java:158)
at org.openqa.selenium.remote.service.DriverCommandExecutor.execute(DriverCommandExecutor.java:83)
at org.openqa.selenium.remote.RemoteWebDriver.execute(RemoteWebDriver.java:548)
at org.openqa.selenium.remote.RemoteWebElement.execute(RemoteWebElement.java:276)
at org.openqa.selenium.remote.RemoteWebElement.sendKeys(RemoteWebElement.java:100)
at org.openqa.selenium.support.pagefactory.internal.LocatingElementHandler.invoke(LocatingElementHandler.java:51)
at com.sun.proxy.$Proxy12.sendKeys(Unknown Source)
at pageObjects.LoginPage.enterValidCrendentials(LoginPage.java:88)
at testcases.VerifyHomePage.verifySuccessfulLogin(VerifyHomePage.java:114)
... Removed 33 stack frames]]>
    </failure>
  </testcase> <!-- verifySuccessfulLogin -->
</testsuite> <!-- Verify Home -->
