<?xml version="1.0" encoding="UTF-8"?>
<!-- Generated by org.testng.reporters.JUnitXMLReporter -->
<testsuite hostname="Tanus-MacBook-Pro.local" ignored="0" name="Verify Home" tests="3" failures="0" timestamp="02 Aug 2018 08:27:06 GMT" time="25.452" errors="0">
  <testcase name="verifyLoginTest" time="10.714" classname="testcases.VerifyHomePage"/>
  <testcase name="verifyForgotPasswordTest" time="2.168" classname="testcases.VerifyHomePage"/>
  <testcase name="verifySuccessfulLogin" time="1.235" classname="testcases.VerifyHomePage"/>
</testsuite> <!-- Verify Home -->
