<?xml version="1.0" encoding="UTF-8"?>
<testsuite xmlns:xsi="http://www.w3.org/2001/XMLSchema-instance" xsi:noNamespaceSchemaLocation="https://maven.apache.org/surefire/maven-surefire-plugin/xsd/surefire-test-report.xsd" name="TestSuite" time="25.932" tests="3" errors="0" skipped="0" failures="0">
  <properties>
[...]
</properties>
  <testcase name="verifyLoginTest" classname="testcases.VerifyHomePage" time="10.713"/>
  <testcase name="verifyForgotPasswordTest" classname="testcases.VerifyHomePage" time="2.169"/>
  <testcase name="verifySuccessfulLogin" classname="testcases.VerifyHomePage" time="1.236"/>
</testsuite>