<?xml version="1.0" encoding="UTF-8"?>
<testng-results skipped="0" failed="0" ignored="0" total="3" passed="3">
  <reporter-output>
  </reporter-output>
  <suite name="Suite" duration-ms="25452" started-at="2018-08-02T08:26:41Z" finished-at="2018-08-02T08:27:06Z">
    <groups>
    </groups>
    <test name="Verify Home" duration-ms="25452" started-at="2018-08-02T08:26:41Z" finished-at="2018-08-02T08:27:06Z">
      <class name="testcases.VerifyHomePage">
        <test-method status="PASS" signature="init(java.lang.String, enums.DriverType)[pri:0, instance:testcases.VerifyHomePage@6537cf78]" name="init" is-config="true" duration-ms="11185" started-at="2018-08-02T08:26:41Z" finished-at="2018-08-02T08:26:52Z">
          <params>
            <param index="0">
              <value>
                <![CDATA[src/main/java/resources/userData.json]]>
              </value>
            </param>
            <param index="1">
              <value>
                <![CDATA[CHROME]]>
              </value>
            </param>
          </params>
          <reporter-output>
          </reporter-output>
        </test-method> <!-- init -->
        <test-method status="PASS" signature="verifyLoginTest()[pri:0, instance:testcases.VerifyHomePage@6537cf78]" name="verifyLoginTest" duration-ms="10714" started-at="2018-08-02T08:26:52Z" finished-at="2018-08-02T08:27:03Z">
          <reporter-output>
          </reporter-output>
        </test-method> <!-- verifyLoginTest -->
        <test-method status="PASS" signature="verifyForgotPasswordTest()[pri:1, instance:testcases.VerifyHomePage@6537cf78]" name="verifyForgotPasswordTest" duration-ms="2168" started-at="2018-08-02T08:27:03Z" finished-at="2018-08-02T08:27:05Z">
          <reporter-output>
          </reporter-output>
        </test-method> <!-- verifyForgotPasswordTest -->
        <test-method status="PASS" signature="verifySuccessfulLogin()[pri:2, instance:testcases.VerifyHomePage@6537cf78]" name="verifySuccessfulLogin" duration-ms="1235" started-at="2018-08-02T08:27:05Z" finished-at="2018-08-02T08:27:06Z">
          <reporter-output>
          </reporter-output>
        </test-method> <!-- verifySuccessfulLogin -->
        <test-method status="PASS" signature="tearDown()[pri:0, instance:testcases.VerifyHomePage@6537cf78]" name="tearDown" is-config="true" duration-ms="128" started-at="2018-08-02T08:27:06Z" finished-at="2018-08-02T08:27:06Z">
          <reporter-output>
          </reporter-output>
        </test-method> <!-- tearDown -->
      </class> <!-- testcases.VerifyHomePage -->
    </test> <!-- Verify Home -->
  </suite> <!-- Suite -->
</testng-results>
