<?xml version="1.0" encoding="UTF-8"?>
<testng-results skipped="0" failed="1" ignored="0" total="3" passed="2">
  <reporter-output>
  </reporter-output>
  <suite name="Suite" duration-ms="49602" started-at="2018-08-02T07:03:18Z" finished-at="2018-08-02T07:04:08Z">
    <groups>
    </groups>
    <test name="Verify Home" duration-ms="49602" started-at="2018-08-02T07:03:18Z" finished-at="2018-08-02T07:04:08Z">
      <class name="testcases.VerifyHomePage">
        <test-method status="PASS" signature="init(java.lang.String, enums.DriverType)[pri:0, instance:testcases.VerifyHomePage@146ba0ac]" name="init" is-config="true" duration-ms="21679" started-at="2018-08-02T07:03:18Z" finished-at="2018-08-02T07:03:40Z">
          <params>
            <param index="0">
              <value>
                <![CDATA[src/main/java/resources/userData.json]]>
              </value>
            </param>
            <param index="1">
              <value>
                <![CDATA[FIREFOX]]>
              </value>
            </param>
          </params>
          <reporter-output>
          </reporter-output>
        </test-method> <!-- init -->
        <test-method status="PASS" signature="verifyLoginTest()[pri:0, instance:testcases.VerifyHomePage@146ba0ac]" name="verifyLoginTest" duration-ms="19158" started-at="2018-08-02T07:03:40Z" finished-at="2018-08-02T07:03:59Z">
          <reporter-output>
          </reporter-output>
        </test-method> <!-- verifyLoginTest -->
        <test-method status="PASS" signature="verifyForgotPasswordTest()[pri:1, instance:testcases.VerifyHomePage@146ba0ac]" name="verifyForgotPasswordTest" duration-ms="2368" started-at="2018-08-02T07:03:59Z" finished-at="2018-08-02T07:04:02Z">
          <reporter-output>
          </reporter-output>
        </test-method> <!-- verifyForgotPasswordTest -->
        <test-method status="FAIL" signature="verifySuccessfulLogin()[pri:2, instance:testcases.VerifyHomePage@146ba0ac]" name="verifySuccessfulLogin" duration-ms="330" started-at="2018-08-02T07:04:02Z" finished-at="2018-08-02T07:04:02Z">
          <exception class="org.openqa.selenium.ElementNotInteractableException">
            <message>
              <![CDATA[Element <input class="auth0-lock-input" name="email" type="email"> is not reachable by keyboard
Build info: version: '3.13.0', revision: '2f0d292', time: '2018-06-25T15:24:21.231Z'
System info: host: 'Tanus-MacBook-Pro.local', ip: 'fe80:0:0:0:ce1:c81b:2075:a1f6%en0', os.name: 'Mac OS X', os.arch: 'x86_64', os.version: '10.13.5', java.version: '1.8.0_151'
Driver info: org.openqa.selenium.firefox.FirefoxDriver
Capabilities {acceptInsecureCerts: true, browserName: firefox, browserVersion: 61.0.1, javascriptEnabled: true, moz:accessibilityChecks: false, moz:headless: false, moz:processID: 23048, moz:profile: /var/folders/d2/6m6mnjpx7w7..., moz:useNonSpecCompliantPointerOrigin: false, moz:webdriverClick: true, pageLoadStrategy: normal, platform: MAC, platformName: MAC, platformVersion: 17.6.0, rotatable: false, timeouts: {implicit: 0, pageLoad: 300000, script: 30000}}
Session ID: 6867b952-93cd-c341-9e8f-1ba6912417f6]]>
            </message>
            <full-stacktrace>
              <![CDATA[org.openqa.selenium.ElementNotInteractableException: Element <input class="auth0-lock-input" name="email" type="email"> is not reachable by keyboard
Build info: version: '3.13.0', revision: '2f0d292', time: '2018-06-25T15:24:21.231Z'
System info: host: 'Tanus-MacBook-Pro.local', ip: 'fe80:0:0:0:ce1:c81b:2075:a1f6%en0', os.name: 'Mac OS X', os.arch: 'x86_64', os.version: '10.13.5', java.version: '1.8.0_151'
Driver info: org.openqa.selenium.firefox.FirefoxDriver
Capabilities {acceptInsecureCerts: true, browserName: firefox, browserVersion: 61.0.1, javascriptEnabled: true, moz:accessibilityChecks: false, moz:headless: false, moz:processID: 23048, moz:profile: /var/folders/d2/6m6mnjpx7w7..., moz:useNonSpecCompliantPointerOrigin: false, moz:webdriverClick: true, pageLoadStrategy: normal, platform: MAC, platformName: MAC, platformVersion: 17.6.0, rotatable: false, timeouts: {implicit: 0, pageLoad: 300000, script: 30000}}
Session ID: 6867b952-93cd-c341-9e8f-1ba6912417f6
at sun.reflect.NativeConstructorAccessorImpl.newInstance0(Native Method)
at sun.reflect.NativeConstructorAccessorImpl.newInstance(NativeConstructorAccessorImpl.java:62)
at sun.reflect.DelegatingConstructorAccessorImpl.newInstance(DelegatingConstructorAccessorImpl.java:45)
at java.lang.reflect.Constructor.newInstance(Constructor.java:423)
at org.openqa.selenium.remote.http.W3CHttpResponseCodec.createException(W3CHttpResponseCodec.java:187)
at org.openqa.selenium.remote.http.W3CHttpResponseCodec.decode(W3CHttpResponseCodec.java:122)
at org.openqa.selenium.remote.http.W3CHttpResponseCodec.decode(W3CHttpResponseCodec.java:49)
at org.openqa.selenium.remote.HttpCommandExecutor.execute(HttpCommandExecutor.java:158)
at org.openqa.selenium.remote.service.DriverCommandExecutor.execute(DriverCommandExecutor.java:83)
at org.openqa.selenium.remote.RemoteWebDriver.execute(RemoteWebDriver.java:548)
at org.openqa.selenium.remote.RemoteWebElement.execute(RemoteWebElement.java:276)
at org.openqa.selenium.remote.RemoteWebElement.sendKeys(RemoteWebElement.java:100)
at sun.reflect.NativeMethodAccessorImpl.invoke0(Native Method)
at sun.reflect.NativeMethodAccessorImpl.invoke(NativeMethodAccessorImpl.java:62)
at sun.reflect.DelegatingMethodAccessorImpl.invoke(DelegatingMethodAccessorImpl.java:43)
at java.lang.reflect.Method.invoke(Method.java:498)
at org.openqa.selenium.support.pagefactory.internal.LocatingElementHandler.invoke(LocatingElementHandler.java:51)
at com.sun.proxy.$Proxy12.sendKeys(Unknown Source)
at pageObjects.LoginPage.enterValidCrendentials(LoginPage.java:88)
at testcases.VerifyHomePage.verifySuccessfulLogin(VerifyHomePage.java:114)
at sun.reflect.NativeMethodAccessorImpl.invoke0(Native Method)
at sun.reflect.NativeMethodAccessorImpl.invoke(NativeMethodAccessorImpl.java:62)
at sun.reflect.DelegatingMethodAccessorImpl.invoke(DelegatingMethodAccessorImpl.java:43)
at java.lang.reflect.Method.invoke(Method.java:498)
at org.testng.internal.MethodInvocationHelper.invokeMethod(MethodInvocationHelper.java:124)
at org.testng.internal.Invoker.invokeMethod(Invoker.java:583)
at org.testng.internal.Invoker.invokeTestMethod(Invoker.java:719)
at org.testng.internal.Invoker.invokeTestMethods(Invoker.java:989)
at org.testng.internal.TestMethodWorker.invokeTestMethods(TestMethodWorker.java:125)
at org.testng.internal.TestMethodWorker.run(TestMethodWorker.java:109)
at org.testng.TestRunner.privateRun(TestRunner.java:648)
at org.testng.TestRunner.run(TestRunner.java:505)
at org.testng.SuiteRunner.runTest(SuiteRunner.java:455)
at org.testng.SuiteRunner.runSequentially(SuiteRunner.java:450)
at org.testng.SuiteRunner.privateRun(SuiteRunner.java:415)
at org.testng.SuiteRunner.run(SuiteRunner.java:364)
at org.testng.SuiteRunnerWorker.runSuite(SuiteRunnerWorker.java:52)
at org.testng.SuiteRunnerWorker.run(SuiteRunnerWorker.java:84)
at org.testng.TestNG.runSuitesSequentially(TestNG.java:1208)
at org.testng.TestNG.runSuitesLocally(TestNG.java:1137)
at org.testng.TestNG.runSuites(TestNG.java:1049)
at org.testng.TestNG.run(TestNG.java:1017)
at org.testng.remote.AbstractRemoteTestNG.run(AbstractRemoteTestNG.java:114)
at org.testng.remote.RemoteTestNG.initAndRun(RemoteTestNG.java:251)
at org.testng.remote.RemoteTestNG.main(RemoteTestNG.java:77)
]]>
            </full-stacktrace>
          </exception> <!-- org.openqa.selenium.ElementNotInteractableException -->
          <reporter-output>
          </reporter-output>
        </test-method> <!-- verifySuccessfulLogin -->
        <test-method status="PASS" signature="tearDown()[pri:0, instance:testcases.VerifyHomePage@146ba0ac]" name="tearDown" is-config="true" duration-ms="437" started-at="2018-08-02T07:04:07Z" finished-at="2018-08-02T07:04:08Z">
          <reporter-output>
          </reporter-output>
        </test-method> <!-- tearDown -->
      </class> <!-- testcases.VerifyHomePage -->
    </test> <!-- Verify Home -->
  </suite> <!-- Suite -->
</testng-results>
